# JRE version: Java(TM) SE Runtime Environment (8.0_51-b16) (build 1.8.0_51-b16)
# Java VM: Java HotSpot(TM) 64-Bit Server VM (25.51-b03 mixed mode windows-amd64 compressed oops)
Heap:
 PSYoungGen      total 1006080K, used 449207K [0x000000077cc00000, 0x00000007c0000000, 0x00000007c0000000)
  eden space 928768K, 40% used [0x000000077cc00000,0x0000000793a0d180,0x00000007b5700000)
  from space 77312K, 96% used [0x00000007bac00000,0x00000007bf4a0d70,0x00000007bf780000)
  to   space 86528K, 0% used [0x00000007b5700000,0x00000007b5700000,0x00000007bab80000)
 ParOldGen       total 417792K, used 213611K [0x00000006f6400000, 0x000000070fc00000, 0x000000077cc00000)
  object space 417792K, 51% used [0x00000006f6400000,0x000000070349ade8,0x000000070fc00000)
 Metaspace       used 61781K, capacity 63265K, committed 63656K, reserved 1103872K
  class space    used 8645K, capacity 9010K, committed 9128K, reserved 1048576K
GC Heap History (10 events):
Event: 17.279 GC heap before
{Heap before GC invocations=13 (full 2):
 PSYoungGen      total 1001472K, used 1001463K [0x000000077cc00000, 0x00000007c0000000, 0x00000007c0000000)
  eden space 946176K, 100% used [0x000000077cc00000,0x00000007b6800000,0x00000007b6800000)
  from space 55296K, 99% used [0x00000007bca00000,0x00000007bfffdf78,0x00000007c0000000)
  to   space 77824K, 0% used [0x00000007b6800000,0x00000007b6800000,0x00000007bb400000)
 ParOldGen       total 245248K, used 140320K [0x00000006f6400000, 0x0000000705380000, 0x000000077cc00000)
  object space 245248K, 57% used [0x00000006f6400000,0x00000006fed08078,0x0000000705380000)
 Metaspace       used 46705K, capacity 47537K, committed 47784K, reserved 1091584K
  class space    used 6273K, capacity 6524K, committed 6568K, reserved 1048576K
Event: 17.346 GC heap after
Heap after GC invocations=13 (full 2):
 PSYoungGen      total 1009664K, used 63079K [0x000000077cc00000, 0x00000007c0000000, 0x00000007c0000000)
  eden space 946176K, 0% used [0x000000077cc00000,0x000000077cc00000,0x00000007b6800000)
  from space 63488K, 99% used [0x00000007b6800000,0x00000007ba599e70,0x00000007ba600000)
  to   space 83456K, 0% used [0x00000007bae80000,0x00000007bae80000,0x00000007c0000000)
 ParOldGen       total 245248K, used 172403K [0x00000006f6400000, 0x0000000705380000, 0x000000077cc00000)
  object space 245248K, 70% used [0x00000006f6400000,0x0000000700c5cf68,0x0000000705380000)
 Metaspace       used 46705K, capacity 47537K, committed 47784K, reserved 1091584K
  class space    used 6273K, capacity 6524K, committed 6568K, reserved 1048576K
}
Event: 20.352 GC heap before
{Heap before GC invocations=14 (full 2):
 PSYoungGen      total 1009664K, used 1009255K [0x000000077cc00000, 0x00000007c0000000, 0x00000007c0000000)
  eden space 946176K, 100% used [0x000000077cc00000,0x00000007b6800000,0x00000007b6800000)
  from space 63488K, 99% used [0x00000007b6800000,0x00000007ba599e70,0x00000007ba600000)
  to   space 83456K, 0% used [0x00000007bae80000,0x00000007bae80000,0x00000007c0000000)
 ParOldGen       total 245248K, used 172403K [0x00000006f6400000, 0x0000000705380000, 0x000000077cc00000)
  object space 245248K, 70% used [0x00000006f6400000,0x0000000700c5cf68,0x0000000705380000)
 Metaspace       used 52403K, capacity 53413K, committed 53544K, reserved 1095680K
  class space    used 7109K, capacity 7398K, committed 7464K, reserved 1048576K
Event: 20.429 GC heap after
Heap after GC invocations=14 (full 2):
 PSYoungGen      total 1021952K, used 40869K [0x000000077cc00000, 0x00000007c0000000, 0x00000007c0000000)
  eden space 938496K, 0% used [0x000000077cc00000,0x000000077cc00000,0x00000007b6080000)
  from space 83456K, 48% used [0x00000007bae80000,0x00000007bd669788,0x00000007c0000000)
  to   space 79872K, 0% used [0x00000007b6080000,0x00000007b6080000,0x00000007bae80000)
 ParOldGen       total 245248K, used 221344K [0x00000006f6400000, 0x0000000705380000, 0x000000077cc00000)
  object space 245248K, 90% used [0x00000006f6400000,0x0000000703c28378,0x0000000705380000)
 Metaspace       used 52403K, capacity 53413K, committed 53544K, reserved 1095680K
  class space    used 7109K, capacity 7398K, committed 7464K, reserved 1048576K
}
Event: 20.429 GC heap before
{Heap before GC invocations=15 (full 3):
 PSYoungGen      total 1021952K, used 40869K [0x000000077cc00000, 0x00000007c0000000, 0x00000007c0000000)
  eden space 938496K, 0% used [0x000000077cc00000,0x000000077cc00000,0x00000007b6080000)
  from space 83456K, 48% used [0x00000007bae80000,0x00000007bd669788,0x00000007c0000000)
  to   space 79872K, 0% used [0x00000007b6080000,0x00000007b6080000,0x00000007bae80000)
 ParOldGen       total 245248K, used 221344K [0x00000006f6400000, 0x0000000705380000, 0x000000077cc00000)
  object space 245248K, 90% used [0x00000006f6400000,0x0000000703c28378,0x0000000705380000)
 Metaspace       used 52403K, capacity 53413K, committed 53544K, reserved 1095680K
  class space    used 7109K, capacity 7398K, committed 7464K, reserved 1048576K
Event: 21.208 GC heap after
Heap after GC invocations=15 (full 3):
 PSYoungGen      total 1021952K, used 0K [0x000000077cc00000, 0x00000007c0000000, 0x00000007c0000000)
  eden space 938496K, 0% used [0x000000077cc00000,0x000000077cc00000,0x00000007b6080000)
  from space 83456K, 0% used [0x00000007bae80000,0x00000007bae80000,0x00000007c0000000)
  to   space 79872K, 0% used [0x00000007b6080000,0x00000007b6080000,0x00000007bae80000)
 ParOldGen       total 417792K, used 213595K [0x00000006f6400000, 0x000000070fc00000, 0x000000077cc00000)
  object space 417792K, 51% used [0x00000006f6400000,0x0000000703496de8,0x000000070fc00000)
 Metaspace       used 52403K, capacity 53413K, committed 53544K, reserved 1095680K
  class space    used 7109K, capacity 7398K, committed 7464K, reserved 1048576K
}
Event: 23.604 GC heap before
{Heap before GC invocations=16 (full 3):
 PSYoungGen      total 1021952K, used 938496K [0x000000077cc00000, 0x00000007c0000000, 0x00000007c0000000)
  eden space 938496K, 100% used [0x000000077cc00000,0x00000007b6080000,0x00000007b6080000)
  from space 83456K, 0% used [0x00000007bae80000,0x00000007bae80000,0x00000007c0000000)
  to   space 79872K, 0% used [0x00000007b6080000,0x00000007b6080000,0x00000007bae80000)
 ParOldGen       total 417792K, used 213595K [0x00000006f6400000, 0x000000070fc00000, 0x000000077cc00000)
  object space 417792K, 51% used [0x00000006f6400000,0x0000000703496de8,0x000000070fc00000)
 Metaspace       used 59711K, capacity 61009K, committed 61224K, reserved 1101824K
  class space    used 8303K, capacity 8660K, committed 8744K, reserved 1048576K
Event: 23.629 GC heap after
Heap after GC invocations=16 (full 3):
 PSYoungGen      total 981504K, used 42763K [0x000000077cc00000, 0x00000007bf780000, 0x00000007c0000000)
  eden space 938496K, 0% used [0x000000077cc00000,0x000000077cc00000,0x00000007b6080000)
  from space 43008K, 99% used [0x00000007b6080000,0x00000007b8a42e18,0x00000007b8a80000)
  to   space 77312K, 0% used [0x00000007bac00000,0x00000007bac00000,0x00000007bf780000)
 ParOldGen       total 417792K, used 213603K [0x00000006f6400000, 0x000000070fc00000, 0x000000077cc00000)
  object space 417792K, 51% used [0x00000006f6400000,0x0000000703498de8,0x000000070fc00000)
 Metaspace       used 59711K, capacity 61009K, committed 61224K, reserved 1101824K
  class space    used 8303K, capacity 8660K, committed 8744K, reserved 1048576K
}
Event: 25.784 GC heap before
{Heap before GC invocations=17 (full 3):
 PSYoungGen      total 981504K, used 981259K [0x000000077cc00000, 0x00000007bf780000, 0x00000007c0000000)
  eden space 938496K, 100% used [0x000000077cc00000,0x00000007b6080000,0x00000007b6080000)
  from space 43008K, 99% used [0x00000007b6080000,0x00000007b8a42e18,0x00000007b8a80000)
  to   space 77312K, 0% used [0x00000007bac00000,0x00000007bac00000,0x00000007bf780000)
 ParOldGen       total 417792K, used 213603K [0x00000006f6400000, 0x000000070fc00000, 0x000000077cc00000)
  object space 417792K, 51% used [0x00000006f6400000,0x0000000703498de8,0x000000070fc00000)
 Metaspace       used 60664K, capacity 62065K, committed 62248K, reserved 1101824K
  class space    used 8536K, capacity 8894K, committed 9000K, reserved 1048576K
Event: 25.836 GC heap after
Heap after GC invocations=17 (full 3):
 PSYoungGen      total 1006080K, used 74371K [0x000000077cc00000, 0x00000007c0000000, 0x00000007c0000000)
  eden space 928768K, 0% used [0x000000077cc00000,0x000000077cc00000,0x00000007b5700000)
  from space 77312K, 96% used [0x00000007bac00000,0x00000007bf4a0d70,0x00000007bf780000)
  to   space 86528K, 0% used [0x00000007b5700000,0x00000007b5700000,0x00000007bab80000)
 ParOldGen       total 417792K, used 213611K [0x00000006f6400000, 0x000000070fc00000, 0x000000077cc00000)
  object space 417792K, 51% used [0x00000006f6400000,0x000000070349ade8,0x000000070fc00000)
 Metaspace       used 60664K, capacity 62065K, committed 62248K, reserved 1101824K
  class space    used 8536K, capacity 8894K, committed 9000K, reserved 1048576K
}

